<?xml version="1.0" encoding="UTF-8"?>
<!-- Generated by org.testng.reporters.JUnitReportReporter -->
<testsuite hostname="Pradeep" failures="0" tests="1" name="com.framework.DragAndDropTest" time="0.946" errors="0" timestamp="2025-05-15T12:30:45 IST" skipped="0">
  <testcase classname="com.framework.DragAndDropTest" name="execute" time="0.946"/>
</testsuite> <!-- com.framework.DragAndDropTest -->
