<?xml version="1.0" encoding="UTF-8"?>
<!-- Generated by org.testng.reporters.JUnitReportReporter -->
<testsuite hostname="Pradeep" failures="0" tests="1" name="com.framework.GitTest" time="10.394" errors="0" timestamp="2025-05-15T10:26:47 IST" skipped="0">
  <testcase classname="com.framework.GitTest" name="execute" time="10.394"/>
</testsuite> <!-- com.framework.GitTest -->
