<?xml version="1.0" encoding="UTF-8"?>
<!-- Generated by org.testng.reporters.JUnitReportReporter -->
<testsuite hostname="Pradeep" failures="0" tests="1" name="com.framework.Login" time="5.668" errors="0" timestamp="2025-05-15T12:30:45 IST" skipped="0">
  <testcase classname="com.framework.Login" name="loginTest" time="5.668"/>
</testsuite> <!-- com.framework.Login -->
